Arguments: 
  C:\Program Files\nodejs\node.exe C:\Users\user\AppData\Roaming\npm\node_modules\yarn\bin\yarn.js add @material-ui/core@next

PATH: 
  C:\Users\user\bin;C:\Program Files\Git\mingw64\bin;C:\Program Files\Git\usr\local\bin;C:\Program Files\Git\usr\bin;C:\Program Files\Git\usr\bin;C:\Program Files\Git\cmd;C:\Program Files\Common Files\Oracle\Java\javapath;C:\ProgramData\Oracle\Java\javapath;C:\WINDOWS\system32;C:\WINDOWS;C:\WINDOWS\System32\Wbem;C:\WINDOWS\System32\WindowsPowerShell\v1.0;C:\Program Files (x86)\GtkSharp\2.12\bin;C:\Program Files\MATLAB\MATLAB Production Server\R2015a\runtime\win64;C:\Program Files\MATLAB\MATLAB Production Server\R2015a\bin;C:\Program Files (x86)\MATLAB\R2010a\runtime\win32;C:\Program Files (x86)\MATLAB\R2010a\bin;C:\WINDOWS\System32\OpenSSH;C:\Program Files\MATLAB\MATLAB Production Server\R2015a\polyspace\bin;C:\Program Files\Java\jdk-16.0.2\bin;C:\Program Files\Git\cmd;C:\Program Files\Python37;C:\Program Files\Python37\Scripts;D:\matlab new\bin;C:\msys64\mingw64\bin;C:\MinGW\bin;C:\Program Files\Java\jdk-17.0.1\bin;C:\Program Files\nodejs;C:\Users\user\AppData\Local\Microsoft\WindowsApps;C:\Users\user\AppData\Local\atom\bin;C:\Users\user\AppData\Local\Programs\Microsoft VS Code\bin;C:\Users\user\AppData\Local\Programs\Hyper\resources\bin;C:\Program Files\Python37\Scripts;C:\Program Files\Python37;C:\msys64\mingw64\bin;C:\msys64\mingw64\x86_64-w64-mingw32\bin;C:\Program Files\heroku\bin;C:\Users\user\AppData\Roaming\npm;C:\Program Files\Git\usr\bin\vendor_perl;C:\Program Files\Git\usr\bin\core_perl

Yarn version: 
  1.22.17

Node version: 
  16.13.1

Platform: 
  win32 x64

Trace: 
  Error: https://registry.yarnpkg.com/@material-ui/icons/-/icons-4.5.1.tgz: ESOCKETTIMEDOUT
      at ClientRequest.<anonymous> (C:\Users\user\AppData\Roaming\npm\node_modules\yarn\lib\cli.js:141510:19)
      at Object.onceWrapper (node:events:509:28)
      at ClientRequest.emit (node:events:390:28)
      at TLSSocket.emitRequestTimeout (node:_http_client:763:9)
      at Object.onceWrapper (node:events:509:28)
      at TLSSocket.emit (node:events:402:35)
      at TLSSocket.Socket._onTimeout (node:net:501:8)
      at listOnTimeout (node:internal/timers:557:17)
      at processTimers (node:internal/timers:500:7)

npm manifest: 
  {
    "name": "using-pre-built-react-components-completed",
    "version": "1.0.0",
    "keywords": [],
    "main": "src/index.js",
    "dependencies": {
      "@material-ui/core": "4.6.1",
      "@material-ui/icons": "4.5.1",
      "nodemon": "^2.0.16",
      "react": "16.8.6",
      "react-dom": "16.8.6",
      "react-scripts": "3.2.0",
      "uuid": "3.3.3"
    },
    "devDependencies": {
      "typescript": "3.3.3"
    },
    "scripts": {
      "start": "react-scripts start",
      "build": "react-scripts build",
      "test": "react-scripts test --env=jsdom",
      "eject": "react-scripts eject"
    },
    "browserslist": [
      ">0.2%",
      "not dead",
      "not ie <= 11",
      "not op_mini all"
    ],
    "author": "",
    "license": "ISC",
    "description": ""
  }

yarn manifest: 
  No manifest

Lockfile: 
  No lockfile
